0 info it worked if it ends with ok
1 verbose cli [ '/usr/local/Cellar/nvm/0.31.2/versions/node/v4.4.7/bin/node',
1 verbose cli   '/usr/local/opt/nvm/versions/node/v4.4.7/bin/npm',
1 verbose cli   'publish' ]
2 info using npm@3.10.5
3 info using node@v4.4.7
4 verbose publish [ '.' ]
5 verbose stack Error: Failed to parse json
5 verbose stack Unexpected token 'c' at 5:4
5 verbose stack   "cordova": {
5 verbose stack    ^
5 verbose stack     at parseError (/usr/local/Cellar/nvm/0.31.2/versions/node/v4.4.7/lib/node_modules/npm/node_modules/read-package-json/read-json.js:390:11)
5 verbose stack     at parseJson (/usr/local/Cellar/nvm/0.31.2/versions/node/v4.4.7/lib/node_modules/npm/node_modules/read-package-json/read-json.js:79:23)
5 verbose stack     at /usr/local/Cellar/nvm/0.31.2/versions/node/v4.4.7/lib/node_modules/npm/node_modules/read-package-json/read-json.js:48:5
5 verbose stack     at /usr/local/Cellar/nvm/0.31.2/versions/node/v4.4.7/lib/node_modules/npm/node_modules/graceful-fs/graceful-fs.js:78:16
5 verbose stack     at FSReqWrap.readFileAfterClose [as oncomplete] (fs.js:380:3)
6 verbose cwd /Users/matusgura/Development/cordova-plugin-accountkit
7 error Darwin 16.0.0
8 error argv "/usr/local/Cellar/nvm/0.31.2/versions/node/v4.4.7/bin/node" "/usr/local/opt/nvm/versions/node/v4.4.7/bin/npm" "publish"
9 error node v4.4.7
10 error npm  v3.10.5
11 error file /Users/matusgura/Development/cordova-plugin-accountkit/package.json
12 error code EJSONPARSE
13 error Failed to parse json
13 error Unexpected token 'c' at 5:4
13 error   "cordova": {
13 error    ^
14 error File: /Users/matusgura/Development/cordova-plugin-accountkit/package.json
15 error Failed to parse package.json data.
15 error package.json must be actual JSON, not just JavaScript.
15 error
15 error This is not a bug in npm.
15 error Tell the package author to fix their package.json file. JSON.parse
16 verbose exit [ 1, true ]
